<?xml version="1.0" encoding="UTF-8"?>
<!-- Generated by org.testng.reporters.JUnitXMLReporter -->
<testsuite hostname="Giridhars-MacBook-Air.local" name="Default test" tests="3" failures="0" timestamp="21 Jul 2019 07:42:51 GMT" time="17.69" errors="0">
  <testcase name="loginTest" time="7.302" classname="com.selenium.docker.example.tests.LoginTestsChrome"/>
  <testcase name="logoutTest" time="7.22" classname="com.selenium.docker.example.tests.LoginTestsChrome"/>
  <testcase name="titleTest" time="3.143" classname="com.selenium.docker.example.tests.LoginTestsChrome"/>
</testsuite> <!-- Default test -->
