<?xml version="1.0" encoding="UTF-8"?>
<!-- Generated by org.testng.reporters.JUnitXMLReporter -->
<testsuite hostname="Giridhars-MacBook-Air.local" name="Test" tests="2" failures="0" timestamp="21 Jul 2019 07:24:30 GMT" time="0.04" errors="0">
  <testcase name="testMethodsOne" time="0.006" classname="com.selenium.docker.example.tests.ParallelMethodTest"/>
  <testcase name="testMethodsTwo" time="0.007" classname="com.selenium.docker.example.tests.ParallelMethodTest"/>
</testsuite> <!-- Test -->
