<?xml version="1.0" encoding="UTF-8"?>
<!-- Generated by org.testng.reporters.JUnitXMLReporter -->
<testsuite hostname="Giridhars-MacBook-Air.local" name="Test" tests="6" failures="0" timestamp="21 Jul 2019 09:43:02 GMT" time="46.487" errors="0">
  <testcase name="loginTest" time="9.088" classname="com.selenium.docker.example.tests.LoginTestsChrome"/>
  <testcase name="loginTest" time="2.131" classname="com.selenium.docker.example.tests.LoginTestsFirefox"/>
  <testcase name="logoutTest" time="6.487" classname="com.selenium.docker.example.tests.LoginTestsChrome"/>
  <testcase name="titleTest" time="0.14" classname="com.selenium.docker.example.tests.LoginTestsChrome"/>
  <testcase name="logoutTest" time="2.667" classname="com.selenium.docker.example.tests.LoginTestsFirefox"/>
  <testcase name="titleTest" time="0.062" classname="com.selenium.docker.example.tests.LoginTestsFirefox"/>
</testsuite> <!-- Test -->
